[2026-07-12T15:31:04.204Z] EXECUTE disableAutoStart {}
[2026-07-12T15:31:04.205Z] SETTINGS_UPDATED {"autoStart":false,"animations":true,"assistantName":"Mayra","voiceTone":"Friendly Girl","fileSystemAccess":true,"screenShareAccess":true,"microphoneAccess":true,"cameraAccess":true,"systemCommandsAccess":true,"muteVoice":false}
[2026-07-12T15:31:04.211Z] EXECUTE disableAutoStart {}
[2026-07-12T15:31:04.212Z] SETTINGS_UPDATED {"autoStart":false,"animations":true,"assistantName":"Mayra","voiceTone":"Friendly Girl","fileSystemAccess":true,"screenShareAccess":true,"microphoneAccess":true,"cameraAccess":true,"systemCommandsAccess":true,"muteVoice":false}
[2026-07-12T15:31:21.353Z] EXECUTE volumeUp {"amount":0.1}
[2026-07-12T15:31:44.915Z] EXECUTE disableAutoStart {}
[2026-07-12T15:31:44.916Z] SETTINGS_UPDATED {"autoStart":false,"animations":true,"assistantName":"Mayra","voiceTone":"Playful Friend","fileSystemAccess":true,"screenShareAccess":true,"microphoneAccess":true,"cameraAccess":true,"systemCommandsAccess":true,"muteVoice":false}
[2026-07-12T15:31:44.923Z] EXECUTE disableAutoStart {}
[2026-07-12T15:31:44.923Z] SETTINGS_UPDATED {"autoStart":false,"animations":true,"assistantName":"Mayra","voiceTone":"Playful Friend","fileSystemAccess":true,"screenShareAccess":true,"microphoneAccess":true,"cameraAccess":true,"systemCommandsAccess":true,"muteVoice":false}
[2026-07-12T15:32:06.811Z] EXECUTE volumeUp {"amount":0.1}
[2026-07-12T15:32:20.309Z] EXECUTE searchYouTube {"query":"जिसको दुआ में मांगा"}
[2026-07-12T15:32:20.309Z] EXECUTE browserOpen {"url":"https://youtube.com"}
[2026-07-12T15:32:30.393Z] EXECUTE takeScreenshot {"include_image":true}
[2026-07-12T15:32:32.001Z] EXECUTE clickOnText {"text":"2. Ogo O Nodi Re Tui - Kumar Sanu.mp3"}
[2026-07-12T15:32:33.017Z] EXECUTE screenResolution {}
[2026-07-12T15:32:33.753Z] EXECUTE browserClick {"description":"Kumar Sanu song element","selector":"video-title"}
[2026-07-12T15:32:37.780Z] EXECUTE findOnScreen {"text":"Kumar Sanu"}
[2026-07-12T15:32:38.488Z] EXECUTE browserScroll {"direction":"down","amount":500}
[2026-07-12T15:32:39.452Z] EXECUTE takeScreenshot {"include_image":true}
[2026-07-12T15:33:16.182Z] EXECUTE browserClick {"selector":"video-E5RFZUGde-g","description":"Play the second video in the search results."}
[2026-07-12T15:33:19.525Z] EXECUTE browserClick {"description":"Try playing the second video again.","selector":"video-E5RFZUGde-g"}
[2026-07-12T15:33:28.272Z] EXECUTE screenResolution {}
[2026-07-12T15:33:29.693Z] EXECUTE mouseClick {"x":597,"y":429}
[2026-07-12T15:33:36.008Z] EXECUTE pressKey {"key":"space"}
[2026-07-12T15:33:41.080Z] EXECUTE browserGoBack {}
[2026-07-12T15:34:07.759Z] EXECUTE clickOnText {"text":"Back"}
[2026-07-12T15:34:10.097Z] EXECUTE mouseClick {"clicks":1,"y":14,"x":17,"button":"left"}
[2026-07-12T15:34:25.581Z] EXECUTE mouseClick {"clicks":1,"x":17,"button":"left","y":14}
[2026-07-12T15:34:45.619Z] EXECUTE mouseClick {"button":"left","x":19,"y":52,"clicks":1}
[2026-07-12T15:35:03.329Z] EXECUTE browserScroll {"amount":500,"direction":"down"}
[2026-07-12T15:35:20.423Z] EXECUTE scrollMouse {"direction":"down","amount":10}
[2026-07-12T15:35:35.737Z] EXECUTE moveCursor {"x":960,"y":540}
[2026-07-12T15:35:42.379Z] EXECUTE scrollMouse {"direction":"down","amount":10}
[2026-07-12T15:36:39.268Z] EXECUTE mouseClick {"x":482,"y":371}
[2026-07-12T15:36:49.492Z] EXECUTE browserMediaControl {"value":30,"action":"volume"}
[2026-07-12T15:36:51.451Z] EXECUTE sendHotkey {"keys":"down"}
[2026-07-12T15:36:58.706Z] EXECUTE pressKey {"key":"right"}
[2026-07-12T15:37:07.045Z] EXECUTE sendHotkey {"keys":"6"}
[2026-07-12T15:37:15.337Z] EXECUTE pressKey {"key":"k"}
[2026-07-12T15:37:22.957Z] EXECUTE scrollMouse {"direction":"down","amount":10}
[2026-07-12T15:37:55.085Z] EXECUTE mouseClick {"x":859,"y":371}
[2026-07-12T15:38:05.084Z] EXECUTE moveCursor {"y":356,"x":1257}
[2026-07-12T15:38:06.784Z] EXECUTE mouseClick {"button":"left","clicks":1}
[2026-07-12T15:38:36.235Z] EXECUTE clickOnText {"text":"Chahun Main Aana (arijit singh) slowed & reverb"}
[2026-07-12T15:38:44.730Z] EXECUTE mouseClick {"x":825,"y":600}
[2026-07-12T15:38:52.966Z] EXECUTE moveCursor {"y":600,"x":825}
[2026-07-12T15:38:54.613Z] EXECUTE mouseClick {"button":"left","clicks":1}
[2026-07-12T15:38:59.341Z] EXECUTE moveCursor {"y":600,"x":825}
[2026-07-12T15:39:01.100Z] EXECUTE mouseClick {"button":"left","clicks":1}
[2026-07-12T15:39:19.888Z] EXECUTE closeApplication {"name":"chrome"}
[2026-07-12T15:39:44.780Z] EXECUTE takeScreenshot {"include_image":true}
[2026-07-12T15:39:46.363Z] EXECUTE findOnScreen {"text":"PC"}
[2026-07-12T15:39:47.868Z] EXECUTE findOnScreen {"text":"This PC"}
[2026-07-12T15:39:49.223Z] EXECUTE findOnScreen {"text":"My Computer"}
[2026-07-12T15:39:59.703Z] EXECUTE clickOnText {"text":"Free Fire","double":true}
[2026-07-12T15:40:01.415Z] EXECUTE screenResolution {}
[2026-07-12T15:40:02.907Z] EXECUTE mouseClick {"clicks":2,"x":55,"y":331}
[2026-07-12T15:40:13.224Z] EXECUTE closeWindow {"title":"Error"}
[2026-07-12T15:40:21.576Z] EXECUTE clickOnText {"text":"OK"}
[2026-07-12T15:40:23.528Z] EXECUTE mouseClick {"clicks":1,"y":580,"button":"left","x":1008}
[2026-07-12T15:40:29.715Z] EXECUTE clickOnText {"text":"Free Fire","double":true}
[2026-07-12T15:40:31.436Z] EXECUTE mouseClick {"clicks":2,"y":331,"x":55}
[2026-07-12T15:40:37.476Z] EXECUTE clickOnText {"text":"OK"}
[2026-07-12T15:40:39.394Z] EXECUTE mouseClick {"clicks":1,"y":580,"x":1008,"button":"left"}
[2026-07-12T15:40:44.265Z] EXECUTE mouseClick {"clicks":1,"button":"left","x":1008,"y":580}
[2026-07-12T15:40:59.614Z] EXECUTE clickOnText {"text":"mytext.txt"}
[2026-07-12T15:41:01.470Z] EXECUTE mouseClick {"y":431,"x":55,"button":"left","clicks":1}
[2026-07-12T15:41:51.382Z] EXECUTE scrollMouse {"amount":10,"direction":"up"}
[2026-07-12T15:42:15.531Z] EXECUTE mouseClick {"y":824,"button":"left","x":242,"clicks":1}
[2026-07-12T15:42:17.752Z] EXECUTE typeText {"text":"console.log('Mayraa');"}
[2026-07-12T15:42:31.170Z] EXECUTE sendHotkey {"keys":"home"}
[2026-07-12T15:42:33.583Z] EXECUTE sendHotkey {"keys":"shift+end"}
[2026-07-12T15:42:35.035Z] EXECUTE pressKey {"key":"backspace"}
[2026-07-12T15:44:03.845Z] EXECUTE sendHotkey {"keys":"ctrl+a"}
[2026-07-12T15:44:03.845Z] EXECUTE pressKey {"key":"backspace"}
[2026-07-12T15:44:23.597Z] EXECUTE typeText {"text":"<!DOCTYPE html>\n<html lang=\"en\">\n<head>\n    <meta charset=\"UTF-8\">\n    <meta name=\"viewport\" content=\"width=device-width, initial-scale=1.0\">\n    <title>Simple Form</title>\n</head>\n<body>\n    <form>\n        <label for=\"name\">Name:</label><br>\n        <input type=\"text\" id=\"name\" name=\"name\"><br><br>\n\n        <label for=\"email\">Email:</label><br>\n        <input type=\"email\" id=\"email\" name=\"email\"><br><br>\n\n        <label for=\"password\">Password:</label><br>\n        <input type=\"password\" id=\"password\" name=\"password\"><br><br>\n\n        <button type=\"submit\">Log In</button>\n        <button type=\"button\">Log Out</button>\n        <button type=\"button\">Sign In</button>\n        <button type=\"button\">Sign Up</button>\n    </form>\n</body>\n</html>"}
[2026-07-12T15:45:17.706Z] EXECUTE sendHotkey {"keys":"ctrl+a"}
[2026-07-12T15:45:18.844Z] EXECUTE pressKey {"key":"backspace"}
[2026-07-12T15:45:19.780Z] EXECUTE typeText {"text":"document.querySelector('form').addEventListener('submit', function(e) {\n    e.preventDefault();\n    const formData = new FormData(e.target);\n    const formObject = Object.fromEntries(formData.entries());\n    console.log(formObject);\n});"}
[2026-07-12T15:46:13.823Z] EXECUTE typeText {"text":"document.querySelector('form').addEventListener('submit', function(e) {\n    e.preventDefault();\n    const name = document.getElementById('name').value;\n    const email = document.getElementById('email').value;\n    const password = document.getElementById('password').value;\n\n    const formObject = {\n        name: name,\n        email: email,\n        password: password\n    };\n\n    console.log(formObject);\n});"}
[2026-07-12T15:47:06.508Z] EXECUTE typeText {"text":"Nirav"}
[2026-07-12T15:47:06.508Z] EXECUTE clickOnText {"text":"Name:"}
[2026-07-12T15:47:06.509Z] EXECUTE pressKey {"key":"tab"}
[2026-07-12T15:47:06.510Z] EXECUTE pressKey {"key":"tab"}
[2026-07-12T15:47:06.510Z] EXECUTE pressKey {"key":"enter"}
[2026-07-12T15:47:06.509Z] EXECUTE typeText {"text":"nirav@example.com"}
[2026-07-12T15:47:06.510Z] EXECUTE typeText {"text":"password123"}
[2026-07-12T15:47:37.934Z] EXECUTE sendHotkey {"keys":"shift+tab"}
[2026-07-12T15:47:39.310Z] EXECUTE sendHotkey {"keys":"shift+tab"}
[2026-07-12T15:47:40.827Z] EXECUTE sendHotkey {"keys":"ctrl+a"}
[2026-07-12T15:47:42.081Z] EXECUTE pressKey {"key":"backspace"}
[2026-07-12T15:47:43.170Z] EXECUTE typeText {"text":"nirav@example.com"}
[2026-07-12T15:47:48.410Z] EXECUTE sendHotkey {"keys":"ctrl+a"}
[2026-07-12T15:47:49.696Z] EXECUTE pressKey {"key":"backspace"}
[2026-07-12T15:47:50.790Z] EXECUTE typeText {"text":"Nirav"}
[2026-07-12T15:47:52.113Z] EXECUTE pressKey {"key":"tab"}
[2026-07-12T15:47:53.272Z] EXECUTE sendHotkey {"keys":"ctrl+a"}
[2026-07-12T15:47:54.573Z] EXECUTE pressKey {"key":"backspace"}
[2026-07-12T15:47:55.696Z] EXECUTE typeText {"text":"nirav@example.com"}
[2026-07-12T15:47:57.396Z] EXECUTE pressKey {"key":"tab"}
[2026-07-12T15:47:58.913Z] EXECUTE pressKey {"key":"enter"}
[2026-07-12T15:48:14.099Z] EXECUTE sendHotkey {"keys":"ctrl+a"}
[2026-07-12T15:48:15.611Z] EXECUTE pressKey {"key":"backspace"}
[2026-07-12T15:48:27.915Z] EXECUTE typeText {"text":"nirav@example.com"}
[2026-07-12T15:48:29.453Z] EXECUTE pressKey {"key":"tab"}
[2026-07-12T15:48:30.634Z] EXECUTE typeText {"text":"password123"}
[2026-07-12T15:48:35.187Z] EXECUTE pressKey {"key":"tab"}
[2026-07-12T15:48:36.645Z] EXECUTE pressKey {"key":"enter"}
[2026-07-12T15:48:52.371Z] EXECUTE copySelected {"wait":0.35}
[2026-07-12T15:49:19.587Z] EXECUTE editFile {"path":"javascript.js","find":"document.getElementById('password').value;","replace":"document.getElementById('password')).value;"}
[2026-07-12T15:49:20.837Z] EXECUTE editFile {"path":"javascript.js","replace":"value);","find":"value;"}
[2026-07-12T15:49:22.268Z] EXECUTE writeCodeFile {"overwrite":true,"path":"javascript.js","language":"javascript","content":"document.querySelector('form').addEventListener('submit', function(e) {\n    e.preventDefault();\n    const name = document.getElementById('name').value;\n    const email = document.getElementById('email').value;\n    const password = document.getElementById('password').value;\n\n    const formObject = {\n        name: name,\n        email: email,\n        password: password\n    };\n\n    console.log(formObject);\n});"}
[2026-07-12T15:49:39.134Z] EXECUTE copySelected {"wait":0.35}
[2026-07-12T15:49:58.054Z] EXECUTE editFile {"find":"</head>","replace":"    <script src=\"javascript.js\" defer></script>\n</head>","allow_anywhere":true,"path":"index.html"}
[2026-07-12T15:50:08.934Z] EXECUTE findOnScreen {"text":"Log In"}
[2026-07-12T15:50:10.522Z] EXECUTE screenResolution {}
[2026-07-12T15:50:11.775Z] EXECUTE mouseClick {"x":198,"y":674,"button":"left","clicks":1}
[2026-07-12T15:50:23.768Z] EXECUTE typeText {"text":" <script src=\"javascript.js\" defer></script>"}
[2026-07-12T15:50:29.189Z] EXECUTE sendHotkey {"keys":"ctrl+a"}
[2026-07-12T15:50:30.795Z] EXECUTE pressKey {"key":"backspace"}
[2026-07-12T15:50:34.728Z] EXECUTE typeText {"text":"<!DOCTYPE html>\n<html lang=\"en\">\n<head>\n    <meta charset=\"UTF-8\">\n    <meta name=\"viewport\" content=\"width=device-width, initial-scale=1.0\">\n    <title>Simple Form</title>\n    <script src=\"javascript.js\" defer></script>\n</head>\n<body>\n    <form>\n        <label for=\"name\">Name:</label><br>\n        <input type=\"text\" id=\"name\" name=\"name\"><br><br>\n\n        <label for=\"email\">Email:</label><br>\n        <input type=\"email\" id=\"email\" name=\"email\"><br><br>\n\n        <label for=\"password\">Password:</label><br>\n        <input type=\"password\" id=\"password\" name=\"password\"><br><br>\n\n        <button type=\"submit\">Log In</button>\n        <button type=\"button\">Log Out</button>\n        <button type=\"button\">Sign In</button>\n        <button type=\"button\">Sign Up</button>\n    </form>\n</body>\n</html>"}
[2026-07-12T15:50:41.152Z] EXECUTE typeText {"text":"<!DOCTYPE html>\n<html lang=\"en\">\n<head>\n    <meta charset=\"UTF-8\">\n    <meta name=\"viewport\" content=\"width=device-width, initial-scale=1.0\">\n    <title>Simple Form</title>\n    <script src=\"javascript.js\" defer></script>\n</head>\n<body>\n    <form>\n        <label for=\"name\">Name:</label><br>\n        <input type=\"text\" id=\"name\" name=\"name\"><br><br>\n\n        <label for=\"email\">Email:</label><br>\n        <input type=\"email\" id=\"email\" name=\"email\"><br><br>\n\n        <label for=\"password\">Password:</label><br>\n        <input type=\"password\" id=\"password\" name=\"password\"><br><br>\n\n        <button type=\"submit\">Log In</button>\n        <button type=\"button\">Log Out</button>\n        <button type=\"button\">Sign In</button>\n        <button type=\"button\">Sign Up</button>\n    </form>\n</body>\n</html>"}
[2026-07-12T15:51:16.360Z] EXECUTE sendHotkey {"keys":"ctrl+a"}
[2026-07-12T15:51:16.361Z] EXECUTE sendHotkey {"keys":"ctrl+a"}
[2026-07-12T15:51:18.002Z] EXECUTE pressKey {"key":"backspace"}
[2026-07-12T15:51:33.897Z] EXECUTE typeText {"text":"<!DOCTYPE html>\n<html lang=\"en\">\n<head>\n    <meta charset=\"UTF-8\">\n    <meta name=\"viewport\" content=\"width=device-width, initial-scale=1.0\">\n    <title>Simple Form</title>\n    <script src=\"javascript.js\" defer></script>\n</head>\n<body>\n    <form>\n        <label for=\"name\">Name:</label><br>\n        <input type=\"text\" id=\"name\" name=\"name\"><br><br>\n\n        <label for=\"email\">Email:</label><br>\n        <input type=\"email\" id=\"email\" name=\"email\"><br><br>\n\n        <label for=\"password\">Password:</label><br>\n        <input type=\"password\" id=\"password\" name=\"password\"><br><br>\n\n        <button type=\"submit\">Log In</button>\n        <button type=\"button\">Log Out</button>\n        <button type=\"button\">Sign In</button>\n        <button type=\"button\">Sign Up</button>\n    </form>\n</body>\n</html>"}
[2026-07-12T15:52:27.554Z] EXECUTE pressKey {"key":"tab"}
[2026-07-12T15:52:27.553Z] EXECUTE browserType {"text":"Nirav"}
[2026-07-12T15:52:27.554Z] EXECUTE browserType {"text":"password123"}
[2026-07-12T15:52:27.554Z] EXECUTE browserType {"text":"nirav@example.com"}
[2026-07-12T15:52:27.554Z] EXECUTE pressKey {"key":"tab"}
[2026-07-12T15:52:27.555Z] EXECUTE pressKey {"key":"enter"}
[2026-07-12T15:52:27.555Z] EXECUTE pressKey {"key":"tab"}
[2026-07-12T15:52:29.109Z] EXECUTE clickOnText {"text":"Log In"}
[2026-07-12T15:52:37.377Z] EXECUTE sendHotkey {"keys":"alt+tab"}
[2026-07-12T15:52:39.953Z] EXECUTE typeText {"text":"Nirav"}
[2026-07-12T15:52:41.643Z] EXECUTE pressKey {"key":"tab"}
[2026-07-12T15:52:45.599Z] EXECUTE sendHotkey {"keys":"alt+tab"}
[2026-07-12T15:53:04.922Z] EXECUTE clickOnText {"text":"Name:"}
[2026-07-12T15:53:04.921Z] EXECUTE scrollMouse {"direction":"down","amount":5}
[2026-07-12T15:53:04.922Z] EXECUTE typeText {"text":"Nirob"}
[2026-07-12T15:53:16.856Z] EXECUTE clickOnText {"text":"Email:"}
[2026-07-12T15:53:26.847Z] EXECUTE typeText {"text":"nirob@example.com"}
[2026-07-12T15:53:34.834Z] EXECUTE typeText {"text":"password123"}
[2026-07-12T15:53:37.928Z] EXECUTE clickOnText {"text":"Submit"}
[2026-07-12T15:53:42.763Z] EXECUTE clickOnText {"text":"Submit"}
[2026-07-12T15:53:54.143Z] EXECUTE clickOnText {"text":"Log in"}
[2026-07-12T15:54:09.812Z] EXECUTE screenResolution {}
[2026-07-12T15:54:10.647Z] EXECUTE mouseClick {"x":356,"y":425}
[2026-07-12T15:54:22.905Z] EXECUTE closeApplication {"name":"Code.exe"}
[2026-07-12T15:54:31.761Z] EXECUTE closeApplication {"name":"Code","force":true}
[2026-07-12T15:56:16.674Z] EXECUTE disableAutoStart {}
[2026-07-12T15:56:16.675Z] SETTINGS_UPDATED {"autoStart":false,"animations":true,"assistantName":"Mayra","voiceTone":"Expressive Female","fileSystemAccess":true,"screenShareAccess":true,"microphoneAccess":true,"cameraAccess":true,"systemCommandsAccess":true,"muteVoice":false}
[2026-07-12T15:56:16.683Z] SETTINGS_UPDATED {"autoStart":false,"animations":true,"assistantName":"Mayra","voiceTone":"Expressive Female","fileSystemAccess":true,"screenShareAccess":true,"microphoneAccess":true,"cameraAccess":true,"systemCommandsAccess":true,"muteVoice":false}
[2026-07-12T15:56:16.682Z] EXECUTE disableAutoStart {}
[2026-07-12T15:56:35.004Z] EXECUTE disableAutoStart {}
[2026-07-12T15:56:35.004Z] SETTINGS_UPDATED {"autoStart":false,"animations":true,"assistantName":"Mayra","voiceTone":"Emotional Storyteller","fileSystemAccess":true,"screenShareAccess":true,"microphoneAccess":true,"cameraAccess":true,"systemCommandsAccess":true,"muteVoice":false}
[2026-07-12T15:56:35.014Z] SETTINGS_UPDATED {"autoStart":false,"animations":true,"assistantName":"Mayra","voiceTone":"Emotional Storyteller","fileSystemAccess":true,"screenShareAccess":true,"microphoneAccess":true,"cameraAccess":true,"systemCommandsAccess":true,"muteVoice":false}
[2026-07-12T15:56:35.013Z] EXECUTE disableAutoStart {}
[2026-07-12T15:56:49.777Z] EXECUTE disableAutoStart {}
[2026-07-12T15:56:49.777Z] SETTINGS_UPDATED {"autoStart":false,"animations":true,"assistantName":"Mayra","voiceTone":"Gentle and Soothing","fileSystemAccess":true,"screenShareAccess":true,"microphoneAccess":true,"cameraAccess":true,"systemCommandsAccess":true,"muteVoice":false}
[2026-07-12T15:56:49.784Z] EXECUTE disableAutoStart {}
[2026-07-12T15:56:49.784Z] SETTINGS_UPDATED {"autoStart":false,"animations":true,"assistantName":"Mayra","voiceTone":"Gentle and Soothing","fileSystemAccess":true,"screenShareAccess":true,"microphoneAccess":true,"cameraAccess":true,"systemCommandsAccess":true,"muteVoice":false}
[2026-07-12T15:57:15.336Z] EXECUTE openWebsite {"name":"youtube"}
[2026-07-12T15:57:28.949Z] EXECUTE searchYouTube {"query":"Disco Deewana Main Manga"}
[2026-07-12T15:58:01.326Z] EXECUTE searchYouTube {"query":"Ogo O Nodi Re Tui Bhangli Amar Ghar"}
[2026-07-12T15:58:11.065Z] EXECUTE browserTabAction {"action":"close"}
[2026-07-12T15:58:11.065Z] EXECUTE browserTabAction {"action":"close"}
[2026-07-12T15:58:22.405Z] EXECUTE browserScroll {"direction":"down"}
[2026-07-12T15:58:33.231Z] EXECUTE browserClick {"selector":"#video-title","description":"video title"}
[2026-07-12T15:58:54.243Z] EXECUTE openApplication {"name":"chrome"}
[2026-07-12T15:58:54.988Z] EXECUTE browserOpen {"url":"https://www.youtube.com"}
[2026-07-12T15:58:56.087Z] EXECUTE searchYouTube {"query":"Ogo O Nodi Re Tui Bhangli Amar Ghar"}
[2026-07-12T15:58:56.793Z] EXECUTE mouseClick {"clicks":1,"button":"left","x":400,"y":300}
[2026-07-12T15:59:11.452Z] EXECUTE browserMediaControl {"action":"pause"}
[2026-07-12T15:59:21.182Z] EXECUTE takeScreenshot {"include_image":true}
[2026-07-12T16:00:15.787Z] EXECUTE searchYouTube {"query":"Ogo O Nodi Re Tui Bhangli Amar Ghar"}
[2026-07-12T16:00:27.505Z] EXECUTE browserScroll {"direction":"down"}
[2026-07-12T16:00:55.948Z] EXECUTE takeScreenshot {"include_image":true}
[2026-07-12T16:01:13.507Z] EXECUTE browserScroll {"direction":"down"}
[2026-07-12T16:02:03.649Z] EXECUTE browserClick {"selector":"video-title","description":"Clicking on the first search result for 'Ogo O Nodi Re Tui Bhangli Amar Ghar' on YouTube."}
[2026-07-12T16:02:22.014Z] EXECUTE clickOnText {"text":"Ogo O Nodi Re Tui Bhangli Amar Ghar"}
[2026-07-12T16:02:52.939Z] EXECUTE browserOpen {"url":"https://www.youtube.com/results?search_query=Ogo+O+Nodi+Re+Tui+Bhangli+Amar+Ghar"}
[2026-07-12T16:03:21.166Z] EXECUTE openWebsite {"name":"youtube","url":"https://www.youtube.com/results?search_query=Ogo+O+Nodi+Re+Tui+Bhangli+Amar+Ghar"}
[2026-07-12T16:03:24.455Z] EXECUTE volumeDown {"amount":0.2}
[2026-07-12T16:03:48.680Z] EXECUTE volumeUp {"amount":0.2}
[2026-07-12T16:04:55.470Z] EXECUTE requestPowerAction {"action":"shutdown"}
[2026-07-12T16:05:02.587Z] EXECUTE executePowerAction {"execute_token":"HLTVFKir","action":"shutdown"}
[2026-07-13T11:51:26.794Z] EXECUTE browserOpen {"url":"https://youtube.com"}
[2026-07-13T11:51:40.769Z] EXECUTE browserSearch {"query":"Tujhko Dua Mein Manga"}
[2026-07-13T11:51:45.968Z] EXECUTE browserScroll {"direction":"down"}
[2026-07-13T11:51:55.002Z] EXECUTE browserScroll {"direction":"down"}
[2026-07-13T11:52:00.883Z] EXECUTE browserScroll {"direction":"down"}
[2026-07-13T11:52:09.758Z] EXECUTE takeScreenshot {"include_image":true}
[2026-07-13T11:52:29.183Z] EXECUTE clickOnText {"text":"Mix - Tujhko Dua Mein Manga"}
[2026-07-13T11:52:38.096Z] EXECUTE clickOnText {"text":"Mix - Tujhko Dua Mein Manga"}
[2026-07-13T11:53:53.186Z] EXECUTE browserClick {"selector":"ytd-thumbnail-overlay-side-panel-renderer","description":"Mix - Tujhko Dua Mein Manga"}
[2026-07-13T11:53:53.187Z] EXECUTE browserClick {"selector":"#video-title","description":"Mix - Tujhko Dua Mein Manga playlist element"}
[2026-07-13T11:53:53.188Z] EXECUTE browserClick {"selector":"video-yFvN7fO5vXo","description":"Click on 'Mix - Tujhko Dua Mein Manga' video element"}
[2026-07-13T11:53:53.189Z] EXECUTE clickOnText {"text":"Mix - Tujhko Dua Mein Manga"}
[2026-07-13T11:54:14.046Z] EXECUTE browserClick {"selector":"video-y_0NToa7o7Y","description":"Mix - Tujhko Dua Mein Manga"}
[2026-07-13T11:55:49.778Z] EXECUTE scrollMouse {"direction":"down","amount":5}
[2026-07-13T11:56:16.722Z] EXECUTE clickOnText {"double":true,"text":"OBS Studio"}
[2026-07-13T11:56:26.875Z] EXECUTE clickOnText {"text":"OBS Studio","double":true}
[2026-07-13T12:29:49.927Z] EXECUTE browserOpen {"url":"https://youtube.com"}
[2026-07-13T12:29:49.928Z] EXECUTE browserSearch {"query":"Dil Ko Dua Mein Manga"}
[2026-07-13T12:30:10.057Z] EXECUTE browserScroll {"direction":"down"}
[2026-07-13T12:30:16.779Z] EXECUTE browserScroll {"direction":"down"}
[2026-07-13T12:30:25.315Z] EXECUTE browserClick {"selector":"#video-title > yt-formatted-string","description":"Dil Ko Dua Mein Manga video"}
[2026-07-13T12:30:33.208Z] EXECUTE browserMediaControl {"action":"volume","value":30}
[2026-07-13T12:30:44.193Z] EXECUTE browserMediaControl {"value":10,"action":"volume"}
[2026-07-13T12:30:59.097Z] EXECUTE minimizeWindow {"title":"Google Chrome"}
[2026-07-13T12:31:05.365Z] EXECUTE volumeUp {"amount":0.2}
[2026-07-13T12:31:15.049Z] EXECUTE volumeDown {"amount":0.1}
[2026-07-13T12:31:29.045Z] EXECUTE minimizeWindow {"title":"Google Chrome"}
[2026-07-13T12:31:33.786Z] EXECUTE volumeDown {"amount":0.1}
[2026-07-13T12:31:41.870Z] EXECUTE volumeDown {"amount":0.05}
[2026-07-13T12:32:16.176Z] EXECUTE findOnScreen {"text":"OBS Studio"}
[2026-07-13T12:32:22.011Z] EXECUTE screenResolution {}
[2026-07-13T12:32:22.897Z] EXECUTE moveCursor {"y":407,"x":45}
[2026-07-13T12:32:40.702Z] EXECUTE moveCursor {"y":407,"x":45}
[2026-07-13T12:32:52.005Z] EXECUTE moveCursor {"x":45,"y":407}
[2026-07-13T12:33:08.725Z] EXECUTE moveCursor {"x":142,"y":171}
[2026-07-13T12:33:20.746Z] EXECUTE closeWindow {"title":"Recycle Bin"}
[2026-07-13T12:33:26.170Z] EXECUTE openFolder {"name":"desktop"}
[2026-07-13T12:33:26.171Z] EXECUTE pressKey {"key":"enter"}
[2026-07-13T12:33:26.171Z] EXECUTE clickUIAElement {"text":"Recycle Bin","exact":true,"control_type":"ListItem"}
[2026-07-13T12:33:26.171Z] EXECUTE sendHotkey {"keys":"alt+y"}
[2026-07-13T12:33:27.175Z] EXECUTE sendHotkey {"keys":"shift+delete"}
[2026-07-13T12:33:28.158Z] EXECUTE moveCursor {"y":171,"x":45}
[2026-07-13T12:33:47.833Z] EXECUTE moveCursor {"x":45,"y":250}
[2026-07-13T12:33:51.050Z] EXECUTE mouseClick {"clicks":1,"button":"left"}
[2026-07-13T12:33:52.048Z] EXECUTE sendHotkey {"keys":"shift+delete"}
[2026-07-13T12:33:53.226Z] EXECUTE sendHotkey {"keys":"enter"}
[2026-07-13T12:34:04.675Z] EXECUTE mouseClick {"button":"left","clicks":2,"x":45,"y":250}
[2026-07-13T12:34:07.070Z] EXECUTE clickUIAElement {"exact":true,"text":"Empty Recycle Bin","control_type":"Button"}
[2026-07-13T12:34:09.079Z] EXECUTE sendHotkey {"keys":"ctrl+a"}
[2026-07-13T12:34:12.424Z] EXECUTE sendHotkey {"keys":"delete"}
[2026-07-13T12:34:13.469Z] EXECUTE pressKey {"key":"enter"}
[2026-07-13T12:34:25.767Z] EXECUTE closeWindow {"title":"Recycle Bin"}
[2026-07-13T12:34:52.792Z] EXECUTE closeApplication {"name":"chrome"}
[2026-07-13T12:35:43.041Z] EXECUTE moveCursor {"y":670,"x":819}
[2026-07-13T12:35:54.262Z] EXECUTE moveCursor {"x":825,"y":600}
[2026-07-13T12:36:46.167Z] EXECUTE moveCursor {"y":1053,"x":424}
[2026-07-13T12:36:58.591Z] EXECUTE moveCursor {"y":742,"x":45}
[2026-07-13T12:37:04.697Z] EXECUTE moveCursor {"x":142,"y":575}
[2026-07-13T12:37:07.861Z] EXECUTE moveCursor {"x":142,"y":585}
[2026-07-13T12:37:12.055Z] EXECUTE moveCursor {"y":585,"x":132}
[2026-07-13T12:37:19.455Z] EXECUTE moveCursor {"y":600,"x":120}
[2026-07-13T12:37:23.932Z] EXECUTE mouseClick {"clicks":2,"button":"left"}
[2026-07-13T12:37:36.229Z] EXECUTE clickUIAElement {"text":"Md Sojol","control_type":"Text"}
[2026-07-13T12:37:37.319Z] EXECUTE takeScreenshot {"include_image":true}
[2026-07-13T12:37:38.745Z] EXECUTE moveCursor {"y":142,"x":594}
[2026-07-13T12:37:40.163Z] EXECUTE mouseClick {"clicks":1,"button":"left"}
[2026-07-13T12:37:50.110Z] EXECUTE closeWindow {"title":"Messenger"}
[2026-07-13T12:38:40.533Z] EXECUTE volumeUp {"amount":0.05}
[2026-07-13T12:39:08.903Z] EXECUTE editFile {"find":"password","replace":"mayraa","path":"C:\\Users\\mdnir\\OneDrive\\Documents\\Web Development\\Java Script\\1Practice\\javascript.js"}
[2026-07-13T12:39:09.949Z] EXECUTE editFile {"find":"password","replace":"mayraa","path":"Downloads/1Practice/javascript.js"}
[2026-07-13T12:39:11.309Z] EXECUTE readFile {"path":"javascript.js"}
